2014-05-21 10:28:19
xml000
<data>
  <school>xuexiao</school>
  <school>第二中学</school>
</data>
2014-05-21 10:31:50
xml000
<data>
  <school>xuexiao</school>
  <school>第二中学</school>
</data>
2014-05-21 10:32:30
xml000
<data>
  <school>xuexiao</school>
  <school>第二中学</school>
</data>
2014-05-21 10:33:25
xml000
<data>
  <school>xuexiao</school>
  <school>第二中学</school>
</data>
2014-05-21 10:38:02
xml000
<data>
  <school>xuexiao</school>
  <school>第二中学</school>
</data>
2014-05-21 10:39:15
xml000
<data>
  <school>xuexiao</school>
  <school>第二中学</school>
</data>
2014-05-21 10:58:59
xml000
<data>
  <school>xuexiao</school>
  <school>第二中学</school>
</data>
2014-05-21 11:01:37
xml000
<data>
  <school>xuexiao</school>
  <school>第二中学</school>
</data>
2014-05-21 11:01:47
xml000
<data>
  <school>xuexiao</school>
  <school>第二中学</school>
</data>
2014-05-21 11:01:59
xml000
<data>
  <school>xuexiao</school>
  <school>第二中学</school>
</data>
2014-06-11 10:47:58
xml000
<data>
  <school>xuexiao</school>
  <school>第二中学</school>
</data>
2014-06-11 10:48:48
xml000
<data>
  <school>xuexiao</school>
  <school>第二中学</school>
</data>
